android/app/build/intermediates/manifest_merge_blame_file/debug/manifest-merger-blame-debug-report.txt
1<?xml version="1.0" encoding="utf-8"?>
2<manifest xmlns:android="http://schemas.android.com/apk/res/android"
3    package="com.mobileanubis"
4    android:versionCode="1"
5    android:versionName="1.0" >
6
7    <uses-sdk
8        android:minSdkVersion="21"
9        android:targetSdkVersion="31" />
10
11    <uses-permission android:name="android.permission.SYSTEM_ALERT_WINDOW" />
11-->src/debug/AndroidManifest.xml:5:5-77
11-->src/debug/AndroidManifest.xml:5:22-75
12    <uses-permission android:name="android.permission.INTERNET" />
12-->src/main/AndroidManifest.xml:4:5-67
12-->src/main/AndroidManifest.xml:4:22-64
13    <uses-permission android:name="android.permission.ACCESS_WIFI_STATE" />
13-->[com.facebook.flipper:flipper:0.125.0] AndroidManifest.xml:16:5-76
13-->[com.facebook.flipper:flipper:0.125.0] AndroidManifest.xml:16:22-73
14    <uses-permission android:name="android.permission.WRITE_EXTERNAL_STORAGE" /> <!-- Required to access Google Play Licensing -->
14-->[:react-native-fs] AndroidManifest.xml:9:5-81
14-->[:react-native-fs] AndroidManifest.xml:9:22-78
15    <uses-permission android:name="com.android.vending.CHECK_LICENSE" />
15-->[:rn-fetch-blob] AndroidManifest.xml:10:5-73
15-->[:rn-fetch-blob] AndroidManifest.xml:10:22-70
16    <!--
17         Required to keep CPU alive while downloading files
18        (NOT to keep screen awake)
19    -->
20    <uses-permission android:name="android.permission.WAKE_LOCK" />
20-->[:rn-fetch-blob] AndroidManifest.xml:19:5-68
20-->[:rn-fetch-blob] AndroidManifest.xml:19:22-65
21    <!--
22         Required to poll the state of the network connection
23        and respond to changes
24    -->
25    <uses-permission android:name="android.permission.ACCESS_NETWORK_STATE" />
25-->[:rn-fetch-blob] AndroidManifest.xml:25:5-79
25-->[:rn-fetch-blob] AndroidManifest.xml:25:22-76
26
27    <application
27-->src/main/AndroidManifest.xml:6:5-25:19
28        android:name="com.mobileanubis.MainApplication"
28-->src/main/AndroidManifest.xml:7:7-38
29        android:allowBackup="false"
29-->src/main/AndroidManifest.xml:11:7-34
30        android:appComponentFactory="androidx.core.app.CoreComponentFactory"
30-->[androidx.core:core:1.7.0] AndroidManifest.xml:24:18-86
31        android:debuggable="true"
32        android:icon="@mipmap/ic_launcher"
32-->src/main/AndroidManifest.xml:9:7-41
33        android:label="@string/app_name"
33-->src/main/AndroidManifest.xml:8:7-39
34        android:roundIcon="@mipmap/ic_launcher_round"
34-->src/main/AndroidManifest.xml:10:7-52
35        android:theme="@style/AppTheme"
35-->src/main/AndroidManifest.xml:12:7-38
36        android:usesCleartextTraffic="true" >
36-->src/debug/AndroidManifest.xml:8:9-44
37        <activity
37-->src/debug/AndroidManifest.xml:11:9-111
38            android:name="com.facebook.react.devsupport.DevSettingsActivity"
38-->src/debug/AndroidManifest.xml:11:19-83
39            android:exported="false" />
39-->src/debug/AndroidManifest.xml:11:84-108
40        <activity
40-->src/main/AndroidManifest.xml:13:7-24:18
41            android:name="com.mobileanubis.MainActivity"
41-->src/main/AndroidManifest.xml:14:9-37
42            android:configChanges="keyboard|keyboardHidden|orientation|screenLayout|screenSize|smallestScreenSize|uiMode"
42-->src/main/AndroidManifest.xml:16:9-118
43            android:exported="true"
43-->src/main/AndroidManifest.xml:19:9-32
44            android:label="@string/app_name"
44-->src/main/AndroidManifest.xml:15:9-41
45            android:launchMode="singleTask"
45-->src/main/AndroidManifest.xml:17:9-40
46            android:windowSoftInputMode="adjustResize" >
46-->src/main/AndroidManifest.xml:18:9-51
47            <intent-filter>
47-->src/main/AndroidManifest.xml:20:9-23:25
48                <action android:name="android.intent.action.MAIN" />
48-->src/main/AndroidManifest.xml:21:13-65
48-->src/main/AndroidManifest.xml:21:21-62
49
50                <category android:name="android.intent.category.LAUNCHER" />
50-->src/main/AndroidManifest.xml:22:13-73
50-->src/main/AndroidManifest.xml:22:23-70
51            </intent-filter>
52        </activity>
53
54        <provider
54-->[:rn-fetch-blob] AndroidManifest.xml:34:9-42:20
55            android:name="com.RNFetchBlob.Utils.FileProvider"
55-->[:rn-fetch-blob] AndroidManifest.xml:35:13-62
56            android:authorities="com.mobileanubis.provider"
56-->[:rn-fetch-blob] AndroidManifest.xml:36:13-60
57            android:exported="false"
57-->[:rn-fetch-blob] AndroidManifest.xml:37:13-37
58            android:grantUriPermissions="true" >
58-->[:rn-fetch-blob] AndroidManifest.xml:38:13-47
59            <meta-data
59-->[:rn-fetch-blob] AndroidManifest.xml:39:13-41:58
60                android:name="android.support.FILE_PROVIDER_PATHS"
60-->[:rn-fetch-blob] AndroidManifest.xml:40:17-67
61                android:resource="@xml/provider_paths" />
61-->[:rn-fetch-blob] AndroidManifest.xml:41:17-55
62        </provider>
63        <provider
63-->[androidx.emoji2:emoji2:1.0.0] AndroidManifest.xml:26:9-34:20
64            android:name="androidx.startup.InitializationProvider"
64-->[androidx.emoji2:emoji2:1.0.0] AndroidManifest.xml:27:13-67
65            android:authorities="com.mobileanubis.androidx-startup"
65-->[androidx.emoji2:emoji2:1.0.0] AndroidManifest.xml:28:13-68
66            android:exported="false" >
66-->[androidx.emoji2:emoji2:1.0.0] AndroidManifest.xml:29:13-37
67            <meta-data
67-->[androidx.emoji2:emoji2:1.0.0] AndroidManifest.xml:31:13-33:52
68                android:name="androidx.emoji2.text.EmojiCompatInitializer"
68-->[androidx.emoji2:emoji2:1.0.0] AndroidManifest.xml:32:17-75
69                android:value="androidx.startup" />
69-->[androidx.emoji2:emoji2:1.0.0] AndroidManifest.xml:33:17-49
70            <meta-data
70-->[androidx.lifecycle:lifecycle-process:2.4.0] AndroidManifest.xml:31:13-33:52
71                android:name="androidx.lifecycle.ProcessLifecycleInitializer"
71-->[androidx.lifecycle:lifecycle-process:2.4.0] AndroidManifest.xml:32:17-78
72                android:value="androidx.startup" />
72-->[androidx.lifecycle:lifecycle-process:2.4.0] AndroidManifest.xml:33:17-49
73        </provider>
74    </application>
75
76</manifest>